<?xml version="1.0" encoding="UTF-8"?>
<testng-results skipped="0" failed="1" ignored="1" total="6" passed="4">
  <reporter-output>
  </reporter-output>
  <suite name="Suite" duration-ms="41818" started-at="2020-03-15T11:14:16 CST" finished-at="2020-03-15T11:14:58 CST">
    <groups>
    </groups>
    <test name="Login validation" duration-ms="31960" started-at="2020-03-15T11:14:16 CST" finished-at="2020-03-15T11:14:48 CST">
      <class name="wizeline.LoginValidation">
        <test-method status="PASS" signature="initialize()[pri:0, instance:wizeline.LoginValidation@64bfbc86]" name="initialize" is-config="true" duration-ms="9515" started-at="2020-03-15T11:14:16 CST" finished-at="2020-03-15T11:14:25 CST">
          <reporter-output>
          </reporter-output>
        </test-method> <!-- initialize -->
        <test-method status="PASS" signature="Login(java.lang.String, java.lang.String)[pri:0, instance:wizeline.LoginValidation@64bfbc86]" name="Login" duration-ms="5860" started-at="2020-03-15T11:14:25 CST" data-provider="getData" finished-at="2020-03-15T11:14:31 CST">
          <params>
            <param index="0">
              <value>
                <![CDATA[standard_user]]>
              </value>
            </param>
            <param index="1">
              <value>
                <![CDATA[secret_sauce]]>
              </value>
            </param>
          </params>
          <reporter-output>
          </reporter-output>
        </test-method> <!-- Login -->
        <test-method status="FAIL" signature="Login(java.lang.String, java.lang.String)[pri:0, instance:wizeline.LoginValidation@64bfbc86]" name="Login" duration-ms="227" started-at="2020-03-15T11:14:31 CST" data-provider="getData" finished-at="2020-03-15T11:14:32 CST">
          <params>
            <param index="0">
              <value>
                <![CDATA[locked_out_user]]>
              </value>
            </param>
            <param index="1">
              <value>
                <![CDATA[secret_sauce]]>
              </value>
            </param>
          </params>
          <exception class="java.lang.AssertionError">
            <message>
              <![CDATA[User or password is invalid expected [true] but found [false]]]>
            </message>
            <full-stacktrace>
              <![CDATA[java.lang.AssertionError: User or password is invalid expected [true] but found [false]
at org.testng.Assert.fail(Assert.java:97)
at org.testng.Assert.failNotEquals(Assert.java:969)
at org.testng.Assert.assertTrue(Assert.java:43)
at wizeline.LoginValidation.Login(LoginValidation.java:50)
at sun.reflect.NativeMethodAccessorImpl.invoke0(Native Method)
at sun.reflect.NativeMethodAccessorImpl.invoke(NativeMethodAccessorImpl.java:62)
at sun.reflect.DelegatingMethodAccessorImpl.invoke(DelegatingMethodAccessorImpl.java:43)
at java.lang.reflect.Method.invoke(Method.java:498)
at org.testng.internal.MethodInvocationHelper.invokeMethod(MethodInvocationHelper.java:134)
at org.testng.internal.TestInvoker.invokeMethod(TestInvoker.java:597)
at org.testng.internal.TestInvoker.invokeTestMethod(TestInvoker.java:173)
at org.testng.internal.MethodRunner.runInSequence(MethodRunner.java:46)
at org.testng.internal.TestInvoker$MethodInvocationAgent.invoke(TestInvoker.java:816)
at org.testng.internal.TestInvoker.invokeTestMethods(TestInvoker.java:146)
at org.testng.internal.TestMethodWorker.invokeTestMethods(TestMethodWorker.java:146)
at org.testng.internal.TestMethodWorker.run(TestMethodWorker.java:128)
at java.util.ArrayList.forEach(ArrayList.java:1257)
at org.testng.TestRunner.privateRun(TestRunner.java:766)
at org.testng.TestRunner.run(TestRunner.java:587)
at org.testng.SuiteRunner.runTest(SuiteRunner.java:384)
at org.testng.SuiteRunner.runSequentially(SuiteRunner.java:378)
at org.testng.SuiteRunner.privateRun(SuiteRunner.java:337)
at org.testng.SuiteRunner.run(SuiteRunner.java:286)
at org.testng.SuiteRunnerWorker.runSuite(SuiteRunnerWorker.java:53)
at org.testng.SuiteRunnerWorker.run(SuiteRunnerWorker.java:96)
at org.testng.TestNG.runSuitesSequentially(TestNG.java:1187)
at org.testng.TestNG.runSuitesLocally(TestNG.java:1109)
at org.testng.TestNG.runSuites(TestNG.java:1039)
at org.testng.TestNG.run(TestNG.java:1007)
at org.apache.maven.surefire.testng.TestNGExecutor.run(TestNGExecutor.java:283)
at org.apache.maven.surefire.testng.TestNGXmlTestSuite.execute(TestNGXmlTestSuite.java:75)
at org.apache.maven.surefire.testng.TestNGProvider.invoke(TestNGProvider.java:120)
at org.apache.maven.surefire.booter.ForkedBooter.invokeProviderInSameClassLoader(ForkedBooter.java:384)
at org.apache.maven.surefire.booter.ForkedBooter.runSuitesInProcess(ForkedBooter.java:345)
at org.apache.maven.surefire.booter.ForkedBooter.execute(ForkedBooter.java:126)
at org.apache.maven.surefire.booter.ForkedBooter.main(ForkedBooter.java:418)
]]>
            </full-stacktrace>
          </exception> <!-- java.lang.AssertionError -->
          <reporter-output>
          </reporter-output>
        </test-method> <!-- Login -->
        <test-method status="PASS" signature="Login(java.lang.String, java.lang.String)[pri:0, instance:wizeline.LoginValidation@64bfbc86]" name="Login" duration-ms="5692" started-at="2020-03-15T11:14:32 CST" data-provider="getData" finished-at="2020-03-15T11:14:37 CST">
          <params>
            <param index="0">
              <value>
                <![CDATA[problem_user]]>
              </value>
            </param>
            <param index="1">
              <value>
                <![CDATA[secret_sauce]]>
              </value>
            </param>
          </params>
          <reporter-output>
          </reporter-output>
        </test-method> <!-- Login -->
        <test-method status="PASS" signature="Login(java.lang.String, java.lang.String)[pri:0, instance:wizeline.LoginValidation@64bfbc86]" name="Login" duration-ms="10349" started-at="2020-03-15T11:14:37 CST" data-provider="getData" finished-at="2020-03-15T11:14:48 CST">
          <params>
            <param index="0">
              <value>
                <![CDATA[performance_glitch_user]]>
              </value>
            </param>
            <param index="1">
              <value>
                <![CDATA[secret_sauce]]>
              </value>
            </param>
          </params>
          <reporter-output>
          </reporter-output>
        </test-method> <!-- Login -->
        <test-method status="PASS" signature="Login(java.lang.String, java.lang.String)[pri:0, instance:wizeline.LoginValidation@64bfbc86]" name="Login" duration-ms="238" started-at="2020-03-15T11:14:48 CST" data-provider="getData" finished-at="2020-03-15T11:14:48 CST">
          <params>
            <param index="0">
              <value>
                <![CDATA[negative_scenario]]>
              </value>
            </param>
            <param index="1">
              <value>
                <![CDATA[negative_scenario]]>
              </value>
            </param>
          </params>
          <reporter-output>
          </reporter-output>
        </test-method> <!-- Login -->
        <test-method status="PASS" signature="teardown()[pri:0, instance:wizeline.LoginValidation@64bfbc86]" name="teardown" is-config="true" duration-ms="40" started-at="2020-03-15T11:14:48 CST" finished-at="2020-03-15T11:14:48 CST">
          <reporter-output>
          </reporter-output>
        </test-method> <!-- teardown -->
      </class> <!-- wizeline.LoginValidation -->
    </test> <!-- Login validation -->
    <test name="Product validation" duration-ms="9837" started-at="2020-03-15T11:14:48 CST" finished-at="2020-03-15T11:14:58 CST">
      <class name="wizeline.ProductsValidation">
        <test-method status="PASS" signature="initialize()[pri:0, instance:wizeline.ProductsValidation@370736d9]" name="initialize" is-config="true" duration-ms="9808" started-at="2020-03-15T11:14:48 CST" finished-at="2020-03-15T11:14:58 CST">
          <reporter-output>
          </reporter-output>
        </test-method> <!-- initialize -->
        <test-method status="PASS" signature="teardown()[pri:0, instance:wizeline.ProductsValidation@370736d9]" name="teardown" is-config="true" duration-ms="29" started-at="2020-03-15T11:14:58 CST" finished-at="2020-03-15T11:14:58 CST">
          <reporter-output>
          </reporter-output>
        </test-method> <!-- teardown -->
      </class> <!-- wizeline.ProductsValidation -->
    </test> <!-- Product validation -->
  </suite> <!-- Suite -->
</testng-results>
